<?xml version="1.0" encoding="UTF-8"?>
<!-- Generated by org.testng.reporters.JUnitXMLReporter -->
<testsuite ignored="0" hostname="K40Y9V3KG7" failures="0" tests="4" name="UI Tests" time="14.323" errors="0" timestamp="2025-11-18T23:47:04 IST">
  <testcase classname="com.example.tests.ui.tests.LoginSuccessTest" name="loginSuccess" time="3.879"/>
  <testcase classname="com.example.tests.ui.tests.LoginFailureTest" name="loginFailure" time="3.715"/>
  <testcase classname="com.example.tests.ui.tests.LoginDataDrivenTest" name="loginDataDriven" time="3.658"/>
  <testcase classname="com.example.tests.ui.tests.LoginDataDrivenTest" name="loginDataDriven" time="0.896"/>
</testsuite> <!-- UI Tests -->
